          1 file(s) copied.
  bash: cannot set terminal process group (-1): Inappropriate ioctl for device
  bash: no job control in this shell
    RM     src/cpu/arm/arm.a
    RM     src/cpu/arm/arm.o
    RM     src/cpu/arm/copr14.o
    RM     src/cpu/arm/copr15.o
    RM     src/cpu/arm/disasm.o
    RM     src/cpu/arm/mmu.o
    RM     src/cpu/arm/opcodes.o
    RM     src/cpu/e6502/e6502.a
    RM     src/cpu/e6502/disasm.o
    RM     src/cpu/e6502/e6502.o
    RM     src/cpu/e6502/ea.o
    RM     src/cpu/e6502/opcodes.o
    RM     src/cpu/e68000/e68000.a
    RM     src/cpu/e68000/cc.o
    RM     src/cpu/e68000/disasm.o
    RM     src/cpu/e68000/ea.o
    RM     src/cpu/e68000/opcodes.o
    RM     src/cpu/e68000/ops-020.o
    RM     src/cpu/e68000/e68000.o
    RM     src/cpu/e8080/e8080.a
    RM     src/cpu/e8080/dis_z80.o
    RM     src/cpu/e8080/disasm.o
    RM     src/cpu/e8080/e8080.o
    RM     src/cpu/e8080/flags.o
    RM     src/cpu/e8080/op_cb.o
    RM     src/cpu/e8080/op_dd.o
    RM     src/cpu/e8080/op_ed.o
    RM     src/cpu/e8080/op_fd.o
    RM     src/cpu/e8080/op_dd_cb.o
    RM     src/cpu/e8080/op_fd_cb.o
    RM     src/cpu/e8080/op_z80.o
    RM     src/cpu/e8080/opcodes.o
    RM     src/cpu/e8086/e8086.a
    RM     src/cpu/e8086/disasm.o
    RM     src/cpu/e8086/e8086.o
    RM     src/cpu/e8086/flags.o
    RM     src/cpu/e8086/mmuseg.o
    RM     src/cpu/e8086/ea.o
    RM     src/cpu/e8086/opcodes.o
    RM     src/cpu/e8086/pqueue.o
    RM     src/cpu/e8086/e80186.o
    RM     src/cpu/e8086/e80286r.o
    RM     src/cpu/e8086/e80386r.o
    RM     src/cpu/ppc405/ppc405.a
    RM     src/cpu/ppc405/disasm.o
    RM     src/cpu/ppc405/mmu.o
    RM     src/cpu/ppc405/opcode13.o
    RM     src/cpu/ppc405/opcode1f.o
    RM     src/cpu/ppc405/opcodes.o
    RM     src/cpu/ppc405/ppc405.o
    RM     src/cpu/sparc32/sparc32.a
    RM     src/cpu/sparc32/disasm.o
    RM     src/cpu/sparc32/mmu.o
    RM     src/cpu/sparc32/opcodes.o
    RM     src/cpu/sparc32/sparc32.o
    RM     src/chipset/80186/dma.o
    RM     src/chipset/80186/icu.o
    RM     src/chipset/80186/tcu.o
    RM     src/chipset/82xx/e8237.o
    RM     src/chipset/82xx/e8250.o
    RM     src/chipset/82xx/e8253.o
    RM     src/chipset/82xx/e8255.o
    RM     src/chipset/82xx/e8259.o
    RM     src/chipset/82xx/e8272.o
    RM     src/chipset/clock/ds1743.o
    RM     src/chipset/ppc405/uic.o
    RM     src/chipset/e6522.o
    RM     src/chipset/e6850.o
    RM     src/chipset/e68901.o
    RM     src/chipset/e8530.o
    RM     src/chipset/wd179x.o
    RM     src/devices/clock/ds1743.o
    RM     src/devices/video/video.a
    RM     src/devices/video/cga.o
    RM     src/devices/video/ega.o
    RM     src/devices/video/hgc.o
    RM     src/devices/video/mda.o
    RM     src/devices/video/olivetti.o
    RM     src/devices/video/plantronics.o
    RM     src/devices/video/vga.o
    RM     src/devices/video/video.o
    RM     src/devices/video/wy700.o
    RM     src/devices/ata.o
    RM     src/devices/device.o
    RM     src/devices/fdc.o
    RM     src/devices/hdc.o
    RM     src/devices/memory.o
    RM     src/devices/nvram.o
    RM     src/devices/parport.o
    RM     src/devices/pci.o
    RM     src/devices/pci-ata.o
    RM     src/devices/serport.o
    RM     src/devices/serport8.o
    RM     src/devices/slip.o
    RM     src/libini/libini.a
    RM     src/libini/expr.o
    RM     src/libini/read.o
    RM     src/libini/scanner.o
    RM     src/libini/section.o
    RM     src/libini/strings.o
    RM     src/libini/value.o
    RM     src/libini/write.o
    RM     src/lib/brkpt.o
    RM     src/lib/cmd.o
    RM     src/lib/console.o
    RM     src/lib/getopt.o
    RM     src/lib/ihex.o
    RM     src/lib/iniata.o
    RM     src/lib/inidsk.o
    RM     src/lib/iniram.o
    RM     src/lib/initerm.o
    RM     src/lib/load.o
    RM     src/lib/log.o
    RM     src/lib/monitor.o
    RM     src/lib/msg.o
    RM     src/lib/path.o
    RM     src/lib/srec.o
    RM     src/lib/string.o
    RM     src/lib/sysdep.o
    RM     src/drivers/options.o
    RM     src/drivers/block/block.a
    RM     src/drivers/block/blkcow.o
    RM     src/drivers/block/blkdosem.o
    RM     src/drivers/block/blkpart.o
    RM     src/drivers/block/blkpce.o
    RM     src/drivers/block/blkpsi.o
    RM     src/drivers/block/blkqed.o
    RM     src/drivers/block/blkram.o
    RM     src/drivers/block/blkraw.o
    RM     src/drivers/block/block.o
    RM     src/drivers/char/char.o
    RM     src/drivers/char/char-mouse.o
    RM     src/drivers/char/char-null.o
    RM     src/drivers/char/char-stdio.o
    RM     src/drivers/char/char-posix.o
    RM     src/drivers/char/char-pty.o
    RM     src/drivers/char/char-tcp.o
    RM     src/drivers/char/char-tios.o
    RM     src/drivers/char/char-ppp.o
    RM     src/drivers/char/char-slip.o
    RM     src/drivers/char/char-wincom.o
    RM     src/drivers/char/char.a
    RM     src/drivers/pfi/pfi.a
    RM     src/drivers/pfi/decode-bits.o
    RM     src/drivers/pfi/pfi-io.o
    RM     src/drivers/pfi/pfi-kryo.o
    RM     src/drivers/pfi/pfi-pfi.o
    RM     src/drivers/pfi/pfi-scp.o
    RM     src/drivers/pfi/pfi.o
    RM     src/drivers/pfi/track.o
    RM     src/drivers/pri/pri.a
    RM     src/drivers/pri/pri-enc-fm.o
    RM     src/drivers/pri/pri-enc-gcr.o
    RM     src/drivers/pri/pri-enc-mfm.o
    RM     src/drivers/pri/pri-img-pbit.o
    RM     src/drivers/pri/pri-img-pri.o
    RM     src/drivers/pri/pri-img-tc.o
    RM     src/drivers/pri/pri-img.o
    RM     src/drivers/pri/pri.o
    RM     src/drivers/psi/psi.a
    RM     src/drivers/psi/psi-img-ana.o
    RM     src/drivers/psi/psi-img-cp2.o
    RM     src/drivers/psi/psi-img-dc42.o
    RM     src/drivers/psi/psi-img-imd.o
    RM     src/drivers/psi/psi-img-mac.o
    RM     src/drivers/psi/psi-img-msa.o
    RM     src/drivers/psi/psi-img-pfdc.o
    RM     src/drivers/psi/psi-img-psi.o
    RM     src/drivers/psi/psi-img-raw.o
    RM     src/drivers/psi/psi-img-stx.o
    RM     src/drivers/psi/psi-img-tc.o
    RM     src/drivers/psi/psi-img-td0.o
    RM     src/drivers/psi/psi-img-xdf.o
    RM     src/drivers/psi/psi-img.o
    RM     src/drivers/psi/psi-io.o
    RM     src/drivers/psi/psi.o
    RM     src/drivers/psi/psi-img-pfdc0.o
    RM     src/drivers/psi/psi-img-pfdc1.o
    RM     src/drivers/psi/psi-img-pfdc2.o
    RM     src/drivers/psi/psi-img-pfdc4.o
    RM     src/drivers/sound/filter.o
    RM     src/drivers/sound/sound.o
    RM     src/drivers/sound/sound-null.o
    RM     src/drivers/sound/sound-wav.o
    RM     src/drivers/sound/sound-oss.o
    RM     src/drivers/sound/sound-sdl.o
    RM     src/drivers/sound/sound.a
    RM     src/drivers/video/terminal.a
    RM     src/drivers/video/font.o
    RM     src/drivers/video/keys.o
    RM     src/drivers/video/null.o
    RM     src/drivers/video/terminal.o
    RM     src/drivers/video/sdl.o
    RM     src/drivers/video/x11.o
    RM     src/arch/atarist/pce-atarist.exe
    RM     src/arch/atarist/acsi.o
    RM     src/arch/atarist/atarist.o
    RM     src/arch/atarist/cmd.o
    RM     src/arch/atarist/dma.o
    RM     src/arch/atarist/fdc.o
    RM     src/arch/atarist/ikbd.o
    RM     src/arch/atarist/main.o
    RM     src/arch/atarist/mem.o
    RM     src/arch/atarist/msg.o
    RM     src/arch/atarist/psg.o
    RM     src/arch/atarist/rp5c15.o
    RM     src/arch/atarist/smf.o
    RM     src/arch/atarist/video.o
    RM     src/arch/atarist/viking.o
    RM     src/arch/atarist/pce-atarist.cfg
    RM     src/arch/ibmpc/pce-ibmpc.exe
    RM     src/arch/ibmpc/cassette.o
    RM     src/arch/ibmpc/cmd.o
    RM     src/arch/ibmpc/ems.o
    RM     src/arch/ibmpc/hook.o
    RM     src/arch/ibmpc/ibmpc.o
    RM     src/arch/ibmpc/int13.o
    RM     src/arch/ibmpc/keyboard.o
    RM     src/arch/ibmpc/m24.o
    RM     src/arch/ibmpc/ibmps2.o
    RM     src/arch/ibmpc/main.o
    RM     src/arch/ibmpc/msg.o
    RM     src/arch/ibmpc/speaker.o
    RM     src/arch/ibmpc/xms.o
    RM     src/arch/ibmpc/pce-ibmpc.cfg
    RM     src/arch/ibmpc/bios/ibmpc-pcex.rom
    RM     src/arch/ibmpc/pceutils/pceboot.com
    RM     src/arch/ibmpc/pceutils/pceexit.com
    RM     src/arch/ibmpc/pceutils/pcemsg.com
    RM     src/arch/ibmpc/pceutils/pcestop.com
    RM     src/arch/ibmpc/pceutils/pcetime.com
    RM     src/arch/ibmpc/pceutils/pcever.com
    RM     src/arch/ibmpc/pceutils/pceemm.sys
    RM     src/arch/ibmpc/pceutils/pcehimem.sys
    RM     src/arch/macplus/pce-macplus.exe
    RM     src/arch/macplus/adb.o
    RM     src/arch/macplus/adb_keyboard.o
    RM     src/arch/macplus/adb_mouse.o
    RM     src/arch/macplus/cmd_68k.o
    RM     src/arch/macplus/hook.o
    RM     src/arch/macplus/hotkey.o
    RM     src/arch/macplus/iwm-io.o
    RM     src/arch/macplus/iwm.o
    RM     src/arch/macplus/keyboard.o
    RM     src/arch/macplus/macplus.o
    RM     src/arch/macplus/main.o
    RM     src/arch/macplus/mem.o
    RM     src/arch/macplus/msg.o
    RM     src/arch/macplus/rtc.o
    RM     src/arch/macplus/scsi.o
    RM     src/arch/macplus/serial.o
    RM     src/arch/macplus/sony.o
    RM     src/arch/macplus/sound.o
    RM     src/arch/macplus/traps.o
    RM     src/arch/macplus/video.o
    RM     src/arch/macplus/pce-mac-plus.cfg
    RM     src/arch/macplus/pce-mac-se.cfg
    RM     src/arch/macplus/pce-mac-classic.cfg
    RM     src/arch/macplus/pcex/pcex.o
    RM     src/arch/macplus/pcex/pcex.elf
    RM     src/arch/macplus/pcex/macplus-pcex.rom
    RM     src/arch/rc759/pce-rc759.exe
    RM     src/arch/rc759/cmd.o
    RM     src/arch/rc759/fdc.o
    RM     src/arch/rc759/keyboard.o
    RM     src/arch/rc759/main.o
    RM     src/arch/rc759/msg.o
    RM     src/arch/rc759/nvm.o
    RM     src/arch/rc759/parport.o
    RM     src/arch/rc759/rc759.o
    RM     src/arch/rc759/rtc.o
    RM     src/arch/rc759/speaker.o
    RM     src/arch/rc759/video.o
    RM     src/arch/rc759/pce-rc759.cfg
    RM     src/arch/sim405/pce-sim405.exe
    RM     src/arch/sim405/cmd_ppc.o
    RM     src/arch/sim405/main.o
    RM     src/arch/sim405/pci.o
    RM     src/arch/sim405/sim405.o
    RM     src/arch/sim405/sercons.o
    RM     src/arch/sim405/pce-sim405.cfg
    RM     src/arch/sim6502/pce-sim6502.exe
    RM     src/arch/sim6502/console.o
    RM     src/arch/sim6502/main.o
    RM     src/arch/sim6502/sim6502.o
    RM     src/arch/sim6502/pce-sim6502.cfg
    RM     src/arch/simarm/pce-simarm.exe
    RM     src/arch/simarm/cmd_arm.o
    RM     src/arch/simarm/intc.o
    RM     src/arch/simarm/main.o
    RM     src/arch/simarm/pci.o
    RM     src/arch/simarm/sercons.o
    RM     src/arch/simarm/simarm.o
    RM     src/arch/simarm/timer.o
    RM     src/arch/simarm/pce-simarm.cfg
    RM     src/arch/sims32/pce-sims32.exe
    RM     src/arch/sims32/cmd_s32.o
    RM     src/arch/sims32/main.o
    RM     src/arch/sims32/sercons.o
    RM     src/arch/sims32/sims32.o
    RM     src/arch/sims32/pce-sims32.cfg
    RM     src/utils/pce-img/pce-img.exe
    RM     src/utils/pce-img/commit.o
    RM     src/utils/pce-img/convert.o
    RM     src/utils/pce-img/cow.o
    RM     src/utils/pce-img/create.o
    RM     src/utils/pce-img/pce-img.o
    RM     src/utils/pfi/pfi.exe
    RM     src/utils/pfi/analyse.o
    RM     src/utils/pfi/comment.o
    RM     src/utils/pfi/decode.o
    RM     src/utils/pfi/delete.o
    RM     src/utils/pfi/encode.o
    RM     src/utils/pfi/export.o
    RM     src/utils/pfi/info.o
    RM     src/utils/pfi/track-edit.o
    RM     src/utils/pfi/main.o
    RM     src/utils/pri/pri.exe
    RM     src/utils/pri/comment.o
    RM     src/utils/pri/decode.o
    RM     src/utils/pri/delete.o
    RM     src/utils/pri/edit.o
    RM     src/utils/pri/encode.o
    RM     src/utils/pri/event.o
    RM     src/utils/pri/info.o
    RM     src/utils/pri/list.o
    RM     src/utils/pri/merge.o
    RM     src/utils/pri/new.o
    RM     src/utils/pri/rotate.o
    RM     src/utils/pri/text.o
    RM     src/utils/pri/main.o
    RM     src/utils/psi/psi.exe
    RM     src/utils/psi/comment.o
    RM     src/utils/psi/delete.o
    RM     src/utils/psi/edit.o
    RM     src/utils/psi/info.o
    RM     src/utils/psi/list.o
    RM     src/utils/psi/load.o
    RM     src/utils/psi/merge.o
    RM     src/utils/psi/new.o
    RM     src/utils/psi/reorder.o
    RM     src/utils/psi/save.o
    RM     src/utils/psi/main.o
    RM     src/arch/atarist/pce-atarist.1.txt
    RM     src/arch/atarist/pce-atarist.1.ps
    RM     src/arch/ibmpc/pce-ibmpc.1.txt
    RM     src/arch/ibmpc/pce-ibmpc.1.ps
    RM     src/arch/rc759/pce-rc759.1.txt
    RM     src/arch/rc759/pce-rc759.1.ps
    RM     src/utils/pce-img/pce-img.1.txt
    RM     src/utils/pce-img/pce-img.1.ps
    RM     src/utils/pfi/pfi.1.txt
    RM     src/utils/pfi/pfi.1.ps
    RM     src/utils/pri/pri.1.txt
    RM     src/utils/pri/pri.1.ps
    RM     src/utils/psi/psi.1.txt
    RM     src/utils/psi/psi.1.ps
  ]0;~/documents/project
  [32mFirstname@WIN-M3O7UCP92QD [33m~/documents/project[0m
  $ logout
  [H[J
