This file contains any messages produced by compilers while
running configure, to aid debugging if configure makes a mistake.

It was created by configure, which was
generated by GNU Autoconf 2.69.  Invocation command line was

  $ ./configure --with-sdl

## --------- ##
## Platform. ##
## --------- ##

hostname = WIN-M3O7UCP92QD
uname -m = i686
uname -r = 2.5.2(0.297/5/3)
uname -s = CYGWIN_NT-10.0-WOW
uname -v = 2016-06-23 14:27

/usr/bin/uname -p = unknown
/bin/uname -X     = unknown

/bin/arch              = i686
/usr/bin/arch -k       = unknown
/usr/convex/getsysinfo = unknown
/usr/bin/hostinfo      = unknown
/bin/machine           = unknown
/usr/bin/oslevel       = unknown
/bin/universe          = unknown

PATH: /usr/local/bin
PATH: /usr/bin
PATH: /cygdrive/c/ProgramData/Oracle/Java/javapath
PATH: /cygdrive/c/Users/Firstname/Documents/Qucs/bin
PATH: /cygdrive/c/WINDOWS/system32
PATH: /cygdrive/c/WINDOWS
PATH: /cygdrive/c/WINDOWS/System32/Wbem
PATH: /cygdrive/c/WINDOWS/System32/WindowsPowerShell/v1.0
PATH: /cygdrive/c/Program Files (x86)/Windows Live/Shared
PATH: /cygdrive/c/Users/Firstname/AppData/Local/Microsoft/WindowsApps
PATH: /cygdrive/c/Users/Firstname/.dnx/bin
PATH: /cygdrive/c/Program Files/Microsoft DNX/Dnvm
PATH: /cygdrive/c/Program Files/Microsoft SQL Server/130/Tools/Binn
PATH: /cygdrive/c/Program Files (x86)/Windows Kits/8.1/Windows Performance Toolkit
PATH: /cygdrive/d/WATCOM/BINNT
PATH: /cygdrive/d/WATCOM/BINW
PATH: %USERPROFILE%/AppData/Local/Microsoft/WindowsApps


## ----------- ##
## Core tests. ##
## ----------- ##

configure:2216: checking pce version
configure:2292: result: 20150328-cee13b0-pfi (0.2.2)
configure:2332: checking build system type
configure:2346: result: i686-pc-cygwin
configure:2366: checking host system type
configure:2379: result: i686-pc-cygwin
configure:2400: checking host OS
configure:2436: result: unknown (cygwin)
configure:2445: checking host cpu
configure:2455: result: IA32
configure:2533: checking for gcc
configure:2549: found /usr/bin/gcc
configure:2560: result: gcc
configure:2789: checking for C compiler version
configure:2798: gcc --version >&5
gcc (GCC) 5.4.0
Copyright (C) 2015 Free Software Foundation, Inc.
This is free software; see the source for copying conditions.  There is NO
warranty; not even for MERCHANTABILITY or FITNESS FOR A PARTICULAR PURPOSE.

configure:2809: $? = 0
configure:2798: gcc -v >&5
Using built-in specs.
COLLECT_GCC=gcc
COLLECT_LTO_WRAPPER=/usr/lib/gcc/i686-pc-cygwin/5.4.0/lto-wrapper.exe
Target: i686-pc-cygwin
Configured with: /cygdrive/i/szsz/tmpp/gcc/gcc-5.4.0-1.i686/src/gcc-5.4.0/configure --srcdir=/cygdrive/i/szsz/tmpp/gcc/gcc-5.4.0-1.i686/src/gcc-5.4.0 --prefix=/usr --exec-prefix=/usr --localstatedir=/var --sysconfdir=/etc --docdir=/usr/share/doc/gcc --htmldir=/usr/share/doc/gcc/html -C --build=i686-pc-cygwin --host=i686-pc-cygwin --target=i686-pc-cygwin --without-libiconv-prefix --without-libintl-prefix --libexecdir=/usr/lib --enable-shared --enable-shared-libgcc --enable-static --enable-version-specific-runtime-libs --enable-bootstrap --enable-__cxa_atexit --with-dwarf2 --with-arch=i686 --with-tune=generic --disable-sjlj-exceptions --enable-languages=ada,c,c++,fortran,java,lto,objc,obj-c++ --enable-graphite --enable-threads=posix --enable-libatomic --enable-libcilkrts --enable-libgomp --enable-libitm --enable-libquadmath --enable-libquadmath-support --enable-libssp --enable-libada --enable-libjava --enable-libgcj-sublibs --disable-java-awt --disable-symvers --with-ecj-jar=/usr/share/java/ecj.jar --with-gnu-ld --with-gnu-as --with-cloog-include=/usr/include/cloog-isl --without-libiconv-prefix --without-libintl-prefix --with-system-zlib --enable-linker-build-id --with-default-libstdcxx-abi=gcc4-compatible
Thread model: posix
gcc version 5.4.0 (GCC) 
configure:2809: $? = 0
configure:2798: gcc -V >&5
gcc: error: unrecognized command line option '-V'
gcc: fatal error: no input files
compilation terminated.
configure:2809: $? = 1
configure:2798: gcc -qversion >&5
gcc: error: unrecognized command line option '-qversion'
gcc: fatal error: no input files
compilation terminated.
configure:2809: $? = 1
configure:2829: checking whether the C compiler works
configure:2851: gcc    conftest.c  >&5
configure:2855: $? = 0
configure:2903: result: yes
configure:2906: checking for C compiler default output file name
configure:2908: result: a.exe
configure:2914: checking for suffix of executables
configure:2921: gcc -o conftest.exe    conftest.c  >&5
configure:2925: $? = 0
configure:2947: result: .exe
configure:2969: checking whether we are cross compiling
configure:2977: gcc -o conftest.exe    conftest.c  >&5
configure:2981: $? = 0
configure:2988: ./conftest.exe
configure:2992: $? = 0
configure:3007: result: no
configure:3012: checking for suffix of object files
configure:3034: gcc -c   conftest.c >&5
configure:3038: $? = 0
configure:3059: result: o
configure:3063: checking whether we are using the GNU C compiler
configure:3082: gcc -c   conftest.c >&5
configure:3082: $? = 0
configure:3091: result: yes
configure:3100: checking whether gcc accepts -g
configure:3120: gcc -c -g  conftest.c >&5
configure:3120: $? = 0
configure:3161: result: yes
configure:3178: checking for gcc option to accept ISO C89
configure:3241: gcc  -c -g -O2  conftest.c >&5
configure:3241: $? = 0
configure:3254: result: none needed
configure:3288: checking for a BSD-compatible install
configure:3356: result: /usr/bin/install -c
configure:3376: checking for ar
configure:3394: found /usr/bin/ar
configure:3407: result: /usr/bin/ar
configure:3458: checking for ranlib
configure:3474: found /usr/bin/ranlib
configure:3485: result: ranlib
configure:3507: checking whether make sets $(MAKE)
configure:3529: result: yes
configure:3538: checking whether ln -s works
configure:3542: result: yes
configure:3552: checking for nasm
configure:3585: result: no
configure:3599: checking for ihex
configure:3632: result: no
configure:3654: checking how to run the C preprocessor
configure:3685: gcc -E  conftest.c
configure:3685: $? = 0
configure:3699: gcc -E  conftest.c
conftest.c:14:28: fatal error: ac_nonexistent.h: No such file or directory
compilation terminated.
configure:3699: $? = 1
configure: failed program was:
| /* confdefs.h */
| #define PACKAGE_NAME ""
| #define PACKAGE_TARNAME ""
| #define PACKAGE_VERSION ""
| #define PACKAGE_STRING ""
| #define PACKAGE_BUGREPORT ""
| #define PACKAGE_URL ""
| #define PCE_VERSION_MAJ 0
| #define PCE_VERSION_MIN 2
| #define PCE_VERSION_MIC 2
| #define PCE_VERSION_STR "20150328-cee13b0-pfi"
| #define PCE_HOST_IA32 1
| /* end confdefs.h.  */
| #include <ac_nonexistent.h>
configure:3724: result: gcc -E
configure:3744: gcc -E  conftest.c
configure:3744: $? = 0
configure:3758: gcc -E  conftest.c
conftest.c:14:28: fatal error: ac_nonexistent.h: No such file or directory
compilation terminated.
configure:3758: $? = 1
configure: failed program was:
| /* confdefs.h */
| #define PACKAGE_NAME ""
| #define PACKAGE_TARNAME ""
| #define PACKAGE_VERSION ""
| #define PACKAGE_STRING ""
| #define PACKAGE_BUGREPORT ""
| #define PACKAGE_URL ""
| #define PCE_VERSION_MAJ 0
| #define PCE_VERSION_MIN 2
| #define PCE_VERSION_MIC 2
| #define PCE_VERSION_STR "20150328-cee13b0-pfi"
| #define PCE_HOST_IA32 1
| /* end confdefs.h.  */
| #include <ac_nonexistent.h>
configure:3787: checking for grep that handles long lines and -e
configure:3845: result: /usr/bin/grep
configure:3850: checking for egrep
configure:3912: result: /usr/bin/grep -E
configure:3917: checking for ANSI C header files
configure:3937: gcc -c -g -O2  conftest.c >&5
configure:3937: $? = 0
configure:4010: gcc -o conftest.exe -g -O2   conftest.c  >&5
configure:4010: $? = 0
configure:4010: ./conftest.exe
configure:4010: $? = 0
configure:4021: result: yes
configure:4034: checking for sys/types.h
configure:4034: gcc -c -g -O2  conftest.c >&5
configure:4034: $? = 0
configure:4034: result: yes
configure:4034: checking for sys/stat.h
configure:4034: gcc -c -g -O2  conftest.c >&5
configure:4034: $? = 0
configure:4034: result: yes
configure:4034: checking for stdlib.h
configure:4034: gcc -c -g -O2  conftest.c >&5
configure:4034: $? = 0
configure:4034: result: yes
configure:4034: checking for string.h
configure:4034: gcc -c -g -O2  conftest.c >&5
configure:4034: $? = 0
configure:4034: result: yes
configure:4034: checking for memory.h
configure:4034: gcc -c -g -O2  conftest.c >&5
configure:4034: $? = 0
configure:4034: result: yes
configure:4034: checking for strings.h
configure:4034: gcc -c -g -O2  conftest.c >&5
configure:4034: $? = 0
configure:4034: result: yes
configure:4034: checking for inttypes.h
configure:4034: gcc -c -g -O2  conftest.c >&5
configure:4034: $? = 0
configure:4034: result: yes
configure:4034: checking for stdint.h
configure:4034: gcc -c -g -O2  conftest.c >&5
configure:4034: $? = 0
configure:4034: result: yes
configure:4034: checking for unistd.h
configure:4034: gcc -c -g -O2  conftest.c >&5
configure:4034: $? = 0
configure:4034: result: yes
configure:4067: checking arpa/inet.h usability
configure:4067: gcc -c -g -O2  conftest.c >&5
configure:4067: $? = 0
configure:4067: result: yes
configure:4067: checking arpa/inet.h presence
configure:4067: gcc -E  conftest.c
configure:4067: $? = 0
configure:4067: result: yes
configure:4067: checking for arpa/inet.h
configure:4067: result: yes
configure:4067: checking fcntl.h usability
configure:4067: gcc -c -g -O2  conftest.c >&5
configure:4067: $? = 0
configure:4067: result: yes
configure:4067: checking fcntl.h presence
configure:4067: gcc -E  conftest.c
configure:4067: $? = 0
configure:4067: result: yes
configure:4067: checking for fcntl.h
configure:4067: result: yes
configure:4067: checking linux/if_tun.h usability
configure:4067: gcc -c -g -O2  conftest.c >&5
conftest.c:59:26: fatal error: linux/if_tun.h: No such file or directory
compilation terminated.
configure:4067: $? = 1
configure: failed program was:
| /* confdefs.h */
| #define PACKAGE_NAME ""
| #define PACKAGE_TARNAME ""
| #define PACKAGE_VERSION ""
| #define PACKAGE_STRING ""
| #define PACKAGE_BUGREPORT ""
| #define PACKAGE_URL ""
| #define PCE_VERSION_MAJ 0
| #define PCE_VERSION_MIN 2
| #define PCE_VERSION_MIC 2
| #define PCE_VERSION_STR "20150328-cee13b0-pfi"
| #define PCE_HOST_IA32 1
| #define STDC_HEADERS 1
| #define HAVE_SYS_TYPES_H 1
| #define HAVE_SYS_STAT_H 1
| #define HAVE_STDLIB_H 1
| #define HAVE_STRING_H 1
| #define HAVE_MEMORY_H 1
| #define HAVE_STRINGS_H 1
| #define HAVE_INTTYPES_H 1
| #define HAVE_STDINT_H 1
| #define HAVE_UNISTD_H 1
| #define HAVE_ARPA_INET_H 1
| #define HAVE_FCNTL_H 1
| /* end confdefs.h.  */
| #include <stdio.h>
| #ifdef HAVE_SYS_TYPES_H
| # include <sys/types.h>
| #endif
| #ifdef HAVE_SYS_STAT_H
| # include <sys/stat.h>
| #endif
| #ifdef STDC_HEADERS
| # include <stdlib.h>
| # include <stddef.h>
| #else
| # ifdef HAVE_STDLIB_H
| #  include <stdlib.h>
| # endif
| #endif
| #ifdef HAVE_STRING_H
| # if !defined STDC_HEADERS && defined HAVE_MEMORY_H
| #  include <memory.h>
| # endif
| # include <string.h>
| #endif
| #ifdef HAVE_STRINGS_H
| # include <strings.h>
| #endif
| #ifdef HAVE_INTTYPES_H
| # include <inttypes.h>
| #endif
| #ifdef HAVE_STDINT_H
| # include <stdint.h>
| #endif
| #ifdef HAVE_UNISTD_H
| # include <unistd.h>
| #endif
| #include <linux/if_tun.h>
configure:4067: result: no
configure:4067: checking linux/if_tun.h presence
configure:4067: gcc -E  conftest.c
conftest.c:26:26: fatal error: linux/if_tun.h: No such file or directory
compilation terminated.
configure:4067: $? = 1
configure: failed program was:
| /* confdefs.h */
| #define PACKAGE_NAME ""
| #define PACKAGE_TARNAME ""
| #define PACKAGE_VERSION ""
| #define PACKAGE_STRING ""
| #define PACKAGE_BUGREPORT ""
| #define PACKAGE_URL ""
| #define PCE_VERSION_MAJ 0
| #define PCE_VERSION_MIN 2
| #define PCE_VERSION_MIC 2
| #define PCE_VERSION_STR "20150328-cee13b0-pfi"
| #define PCE_HOST_IA32 1
| #define STDC_HEADERS 1
| #define HAVE_SYS_TYPES_H 1
| #define HAVE_SYS_STAT_H 1
| #define HAVE_STDLIB_H 1
| #define HAVE_STRING_H 1
| #define HAVE_MEMORY_H 1
| #define HAVE_STRINGS_H 1
| #define HAVE_INTTYPES_H 1
| #define HAVE_STDINT_H 1
| #define HAVE_UNISTD_H 1
| #define HAVE_ARPA_INET_H 1
| #define HAVE_FCNTL_H 1
| /* end confdefs.h.  */
| #include <linux/if_tun.h>
configure:4067: result: no
configure:4067: checking for linux/if_tun.h
configure:4067: result: no
configure:4067: checking linux/tcp.h usability
configure:4067: gcc -c -g -O2  conftest.c >&5
conftest.c:59:23: fatal error: linux/tcp.h: No such file or directory
compilation terminated.
configure:4067: $? = 1
configure: failed program was:
| /* confdefs.h */
| #define PACKAGE_NAME ""
| #define PACKAGE_TARNAME ""
| #define PACKAGE_VERSION ""
| #define PACKAGE_STRING ""
| #define PACKAGE_BUGREPORT ""
| #define PACKAGE_URL ""
| #define PCE_VERSION_MAJ 0
| #define PCE_VERSION_MIN 2
| #define PCE_VERSION_MIC 2
| #define PCE_VERSION_STR "20150328-cee13b0-pfi"
| #define PCE_HOST_IA32 1
| #define STDC_HEADERS 1
| #define HAVE_SYS_TYPES_H 1
| #define HAVE_SYS_STAT_H 1
| #define HAVE_STDLIB_H 1
| #define HAVE_STRING_H 1
| #define HAVE_MEMORY_H 1
| #define HAVE_STRINGS_H 1
| #define HAVE_INTTYPES_H 1
| #define HAVE_STDINT_H 1
| #define HAVE_UNISTD_H 1
| #define HAVE_ARPA_INET_H 1
| #define HAVE_FCNTL_H 1
| /* end confdefs.h.  */
| #include <stdio.h>
| #ifdef HAVE_SYS_TYPES_H
| # include <sys/types.h>
| #endif
| #ifdef HAVE_SYS_STAT_H
| # include <sys/stat.h>
| #endif
| #ifdef STDC_HEADERS
| # include <stdlib.h>
| # include <stddef.h>
| #else
| # ifdef HAVE_STDLIB_H
| #  include <stdlib.h>
| # endif
| #endif
| #ifdef HAVE_STRING_H
| # if !defined STDC_HEADERS && defined HAVE_MEMORY_H
| #  include <memory.h>
| # endif
| # include <string.h>
| #endif
| #ifdef HAVE_STRINGS_H
| # include <strings.h>
| #endif
| #ifdef HAVE_INTTYPES_H
| # include <inttypes.h>
| #endif
| #ifdef HAVE_STDINT_H
| # include <stdint.h>
| #endif
| #ifdef HAVE_UNISTD_H
| # include <unistd.h>
| #endif
| #include <linux/tcp.h>
configure:4067: result: no
configure:4067: checking linux/tcp.h presence
configure:4067: gcc -E  conftest.c
conftest.c:26:23: fatal error: linux/tcp.h: No such file or directory
compilation terminated.
configure:4067: $? = 1
configure: failed program was:
| /* confdefs.h */
| #define PACKAGE_NAME ""
| #define PACKAGE_TARNAME ""
| #define PACKAGE_VERSION ""
| #define PACKAGE_STRING ""
| #define PACKAGE_BUGREPORT ""
| #define PACKAGE_URL ""
| #define PCE_VERSION_MAJ 0
| #define PCE_VERSION_MIN 2
| #define PCE_VERSION_MIC 2
| #define PCE_VERSION_STR "20150328-cee13b0-pfi"
| #define PCE_HOST_IA32 1
| #define STDC_HEADERS 1
| #define HAVE_SYS_TYPES_H 1
| #define HAVE_SYS_STAT_H 1
| #define HAVE_STDLIB_H 1
| #define HAVE_STRING_H 1
| #define HAVE_MEMORY_H 1
| #define HAVE_STRINGS_H 1
| #define HAVE_INTTYPES_H 1
| #define HAVE_STDINT_H 1
| #define HAVE_UNISTD_H 1
| #define HAVE_ARPA_INET_H 1
| #define HAVE_FCNTL_H 1
| /* end confdefs.h.  */
| #include <linux/tcp.h>
configure:4067: result: no
configure:4067: checking for linux/tcp.h
configure:4067: result: no
configure:4067: checking limits.h usability
configure:4067: gcc -c -g -O2  conftest.c >&5
configure:4067: $? = 0
configure:4067: result: yes
configure:4067: checking limits.h presence
configure:4067: gcc -E  conftest.c
configure:4067: $? = 0
configure:4067: result: yes
configure:4067: checking for limits.h
configure:4067: result: yes
configure:4067: checking netdb.h usability
configure:4067: gcc -c -g -O2  conftest.c >&5
configure:4067: $? = 0
configure:4067: result: yes
configure:4067: checking netdb.h presence
configure:4067: gcc -E  conftest.c
configure:4067: $? = 0
configure:4067: result: yes
configure:4067: checking for netdb.h
configure:4067: result: yes
configure:4067: checking netinet/in.h usability
configure:4067: gcc -c -g -O2  conftest.c >&5
configure:4067: $? = 0
configure:4067: result: yes
configure:4067: checking netinet/in.h presence
configure:4067: gcc -E  conftest.c
configure:4067: $? = 0
configure:4067: result: yes
configure:4067: checking for netinet/in.h
configure:4067: result: yes
configure:4067: checking poll.h usability
configure:4067: gcc -c -g -O2  conftest.c >&5
configure:4067: $? = 0
configure:4067: result: yes
configure:4067: checking poll.h presence
configure:4067: gcc -E  conftest.c
configure:4067: $? = 0
configure:4067: result: yes
configure:4067: checking for poll.h
configure:4067: result: yes
configure:4067: checking sys/ioctl.h usability
configure:4067: gcc -c -g -O2  conftest.c >&5
configure:4067: $? = 0
configure:4067: result: yes
configure:4067: checking sys/ioctl.h presence
configure:4067: gcc -E  conftest.c
configure:4067: $? = 0
configure:4067: result: yes
configure:4067: checking for sys/ioctl.h
configure:4067: result: yes
configure:4067: checking sys/poll.h usability
configure:4067: gcc -c -g -O2  conftest.c >&5
configure:4067: $? = 0
configure:4067: result: yes
configure:4067: checking sys/poll.h presence
configure:4067: gcc -E  conftest.c
configure:4067: $? = 0
configure:4067: result: yes
configure:4067: checking for sys/poll.h
configure:4067: result: yes
configure:4067: checking sys/socket.h usability
configure:4067: gcc -c -g -O2  conftest.c >&5
configure:4067: $? = 0
configure:4067: result: yes
configure:4067: checking sys/socket.h presence
configure:4067: gcc -E  conftest.c
configure:4067: $? = 0
configure:4067: result: yes
configure:4067: checking for sys/socket.h
configure:4067: result: yes
configure:4067: checking sys/soundcard.h usability
configure:4067: gcc -c -g -O2  conftest.c >&5
configure:4067: $? = 0
configure:4067: result: yes
configure:4067: checking sys/soundcard.h presence
configure:4067: gcc -E  conftest.c
configure:4067: $? = 0
configure:4067: result: yes
configure:4067: checking for sys/soundcard.h
configure:4067: result: yes
configure:4067: checking for sys/stat.h
configure:4067: result: yes
configure:4067: checking sys/time.h usability
configure:4067: gcc -c -g -O2  conftest.c >&5
configure:4067: $? = 0
configure:4067: result: yes
configure:4067: checking sys/time.h presence
configure:4067: gcc -E  conftest.c
configure:4067: $? = 0
configure:4067: result: yes
configure:4067: checking for sys/time.h
configure:4067: result: yes
configure:4067: checking for sys/types.h
configure:4067: result: yes
configure:4067: checking termios.h usability
configure:4067: gcc -c -g -O2  conftest.c >&5
configure:4067: $? = 0
configure:4067: result: yes
configure:4067: checking termios.h presence
configure:4067: gcc -E  conftest.c
configure:4067: $? = 0
configure:4067: result: yes
configure:4067: checking for termios.h
configure:4067: result: yes
configure:4067: checking for unistd.h
configure:4067: result: yes
configure:4078: checking for stdint.h
configure:4078: result: yes
configure:4091: checking for inttypes.h
configure:4091: result: yes
configure:4108: checking for _LARGEFILE_SOURCE value needed for large files
configure:4127: gcc -o conftest.exe -g -O2   conftest.c  >&5
configure:4127: $? = 0
configure:4155: result: no
configure:4179: checking for ftruncate
configure:4179: gcc -o conftest.exe -g -O2   conftest.c  >&5
configure:4179: $? = 0
configure:4179: result: yes
configure:4179: checking for futimes
configure:4179: gcc -o conftest.exe -g -O2   conftest.c  >&5
configure:4179: $? = 0
configure:4179: result: yes
configure:4179: checking for gettimeofday
configure:4179: gcc -o conftest.exe -g -O2   conftest.c  >&5
configure:4179: $? = 0
configure:4179: result: yes
configure:4179: checking for nanosleep
configure:4179: gcc -o conftest.exe -g -O2   conftest.c  >&5
configure:4179: $? = 0
configure:4179: result: yes
configure:4179: checking for sleep
configure:4179: gcc -o conftest.exe -g -O2   conftest.c  >&5
configure:4179: $? = 0
configure:4179: result: yes
configure:4179: checking for usleep
configure:4179: gcc -o conftest.exe -g -O2   conftest.c  >&5
configure:4179: $? = 0
configure:4179: result: yes
configure:4189: checking for library containing socket
configure:4220: gcc -o conftest.exe -g -O2   conftest.c  >&5
configure:4220: $? = 0
configure:4237: result: none required
configure:4245: checking for library containing accept
configure:4276: gcc -o conftest.exe -g -O2   conftest.c  >&5
configure:4276: $? = 0
configure:4293: result: none required
configure:4301: checking for library containing gethostbyname
configure:4332: gcc -o conftest.exe -g -O2   conftest.c  >&5
configure:4332: $? = 0
configure:4349: result: none required
configure:4357: checking for library containing inet_aton
configure:4388: gcc -o conftest.exe -g -O2   conftest.c  >&5
configure:4388: $? = 0
configure:4405: result: none required
configure:4414: checking for X
configure:4522: gcc -E  conftest.c
conftest.c:48:22: fatal error: X11/Xlib.h: No such file or directory
compilation terminated.
configure:4522: $? = 1
configure: failed program was:
| /* confdefs.h */
| #define PACKAGE_NAME ""
| #define PACKAGE_TARNAME ""
| #define PACKAGE_VERSION ""
| #define PACKAGE_STRING ""
| #define PACKAGE_BUGREPORT ""
| #define PACKAGE_URL ""
| #define PCE_VERSION_MAJ 0
| #define PCE_VERSION_MIN 2
| #define PCE_VERSION_MIC 2
| #define PCE_VERSION_STR "20150328-cee13b0-pfi"
| #define PCE_HOST_IA32 1
| #define STDC_HEADERS 1
| #define HAVE_SYS_TYPES_H 1
| #define HAVE_SYS_STAT_H 1
| #define HAVE_STDLIB_H 1
| #define HAVE_STRING_H 1
| #define HAVE_MEMORY_H 1
| #define HAVE_STRINGS_H 1
| #define HAVE_INTTYPES_H 1
| #define HAVE_STDINT_H 1
| #define HAVE_UNISTD_H 1
| #define HAVE_ARPA_INET_H 1
| #define HAVE_FCNTL_H 1
| #define HAVE_LIMITS_H 1
| #define HAVE_NETDB_H 1
| #define HAVE_NETINET_IN_H 1
| #define HAVE_POLL_H 1
| #define HAVE_SYS_IOCTL_H 1
| #define HAVE_SYS_POLL_H 1
| #define HAVE_SYS_SOCKET_H 1
| #define HAVE_SYS_SOUNDCARD_H 1
| #define HAVE_SYS_STAT_H 1
| #define HAVE_SYS_TIME_H 1
| #define HAVE_SYS_TYPES_H 1
| #define HAVE_TERMIOS_H 1
| #define HAVE_UNISTD_H 1
| #define HAVE_STDINT_H 1
| #define HAVE_INTTYPES_H 1
| #define HAVE_FSEEKO 1
| #define HAVE_FTRUNCATE 1
| #define HAVE_FUTIMES 1
| #define HAVE_GETTIMEOFDAY 1
| #define HAVE_NANOSLEEP 1
| #define HAVE_SLEEP 1
| #define HAVE_USLEEP 1
| /* end confdefs.h.  */
| #include <X11/Xlib.h>
configure:4553: gcc -o conftest.exe -g -O2   conftest.c -lX11  >&5
conftest.c:48:22: fatal error: X11/Xlib.h: No such file or directory
compilation terminated.
configure:4553: $? = 1
configure: failed program was:
| /* confdefs.h */
| #define PACKAGE_NAME ""
| #define PACKAGE_TARNAME ""
| #define PACKAGE_VERSION ""
| #define PACKAGE_STRING ""
| #define PACKAGE_BUGREPORT ""
| #define PACKAGE_URL ""
| #define PCE_VERSION_MAJ 0
| #define PCE_VERSION_MIN 2
| #define PCE_VERSION_MIC 2
| #define PCE_VERSION_STR "20150328-cee13b0-pfi"
| #define PCE_HOST_IA32 1
| #define STDC_HEADERS 1
| #define HAVE_SYS_TYPES_H 1
| #define HAVE_SYS_STAT_H 1
| #define HAVE_STDLIB_H 1
| #define HAVE_STRING_H 1
| #define HAVE_MEMORY_H 1
| #define HAVE_STRINGS_H 1
| #define HAVE_INTTYPES_H 1
| #define HAVE_STDINT_H 1
| #define HAVE_UNISTD_H 1
| #define HAVE_ARPA_INET_H 1
| #define HAVE_FCNTL_H 1
| #define HAVE_LIMITS_H 1
| #define HAVE_NETDB_H 1
| #define HAVE_NETINET_IN_H 1
| #define HAVE_POLL_H 1
| #define HAVE_SYS_IOCTL_H 1
| #define HAVE_SYS_POLL_H 1
| #define HAVE_SYS_SOCKET_H 1
| #define HAVE_SYS_SOUNDCARD_H 1
| #define HAVE_SYS_STAT_H 1
| #define HAVE_SYS_TIME_H 1
| #define HAVE_SYS_TYPES_H 1
| #define HAVE_TERMIOS_H 1
| #define HAVE_UNISTD_H 1
| #define HAVE_STDINT_H 1
| #define HAVE_INTTYPES_H 1
| #define HAVE_FSEEKO 1
| #define HAVE_FTRUNCATE 1
| #define HAVE_FUTIMES 1
| #define HAVE_GETTIMEOFDAY 1
| #define HAVE_NANOSLEEP 1
| #define HAVE_SLEEP 1
| #define HAVE_USLEEP 1
| /* end confdefs.h.  */
| #include <X11/Xlib.h>
| int
| main ()
| {
| XrmInitialize ()
|   ;
|   return 0;
| }
configure:4592: result: no
configure:4631: checking for SDL
configure:4643: result: yes (forced)
configure:4663: checking for static SDL
configure:4681: result: no (default)
configure:4725: checking whether to build the Atari ST emulator
configure:4743: result: yes (default)
configure:4756: checking whether to build the IBM PC emulator
configure:4779: result: yes (default)
configure:4793: checking whether to build the IBM PC ROM
configure:4811: result: no (default)
configure:4820: checking whether to build the Mac Plus emulator
configure:4843: result: yes (default)
configure:4857: checking whether to build the Mac Plus ROM
configure:4875: result: no (default)
configure:4884: checking whether to build the RC759 Piccoline
configure:4907: result: yes (default)
configure:4921: checking whether to build the PPC405 simulator
configure:4944: result: yes (default)
configure:4958: checking whether to build the 6502 simulator
configure:4981: result: yes (default)
configure:4995: checking whether to build the sparc32 simulator
configure:5018: result: yes (default)
configure:5032: checking whether to build the arm simulator
configure:5055: result: yes (default)
configure:5069: checking whether to enable tun
configure:5096: result: no (guess)
configure:5110: checking whether to enable the posix file character driver
configure:5133: result: yes (guess)
configure:5150: checking whether to enable the PPP character driver
configure:5173: result: no (guess)
configure:5187: checking whether to enable the pty character driver
configure:5209: result: yes (guess)
configure:5226: checking whether to enable the SLIP character driver
configure:5249: result: no (guess)
configure:5263: checking whether to enable the TCP character driver
configure:5289: result: yes (guess)
configure:5306: checking whether to enable the termios character driver
configure:5330: result: yes (guess)
configure:5347: checking whether to enable the windows COM character driver
configure:5370: result: no (guess)
configure:5384: checking whether to enable the OSS sound driver
configure:5406: result: yes (guess)
configure:5423: checking whether to enable readline
configure:5442: result: maybe
configure:5444: checking for initscr in -lncurses
configure:5469: gcc -o conftest.exe -g -O2   conftest.c -lncurses   >&5
/usr/lib/gcc/i686-pc-cygwin/5.4.0/../../../../i686-pc-cygwin/bin/ld: cannot find -lncurses
collect2: error: ld returned 1 exit status
configure:5469: $? = 1
configure: failed program was:
| /* confdefs.h */
| #define PACKAGE_NAME ""
| #define PACKAGE_TARNAME ""
| #define PACKAGE_VERSION ""
| #define PACKAGE_STRING ""
| #define PACKAGE_BUGREPORT ""
| #define PACKAGE_URL ""
| #define PCE_VERSION_MAJ 0
| #define PCE_VERSION_MIN 2
| #define PCE_VERSION_MIC 2
| #define PCE_VERSION_STR "20150328-cee13b0-pfi"
| #define PCE_HOST_IA32 1
| #define STDC_HEADERS 1
| #define HAVE_SYS_TYPES_H 1
| #define HAVE_SYS_STAT_H 1
| #define HAVE_STDLIB_H 1
| #define HAVE_STRING_H 1
| #define HAVE_MEMORY_H 1
| #define HAVE_STRINGS_H 1
| #define HAVE_INTTYPES_H 1
| #define HAVE_STDINT_H 1
| #define HAVE_UNISTD_H 1
| #define HAVE_ARPA_INET_H 1
| #define HAVE_FCNTL_H 1
| #define HAVE_LIMITS_H 1
| #define HAVE_NETDB_H 1
| #define HAVE_NETINET_IN_H 1
| #define HAVE_POLL_H 1
| #define HAVE_SYS_IOCTL_H 1
| #define HAVE_SYS_POLL_H 1
| #define HAVE_SYS_SOCKET_H 1
| #define HAVE_SYS_SOUNDCARD_H 1
| #define HAVE_SYS_STAT_H 1
| #define HAVE_SYS_TIME_H 1
| #define HAVE_SYS_TYPES_H 1
| #define HAVE_TERMIOS_H 1
| #define HAVE_UNISTD_H 1
| #define HAVE_STDINT_H 1
| #define HAVE_INTTYPES_H 1
| #define HAVE_FSEEKO 1
| #define HAVE_FTRUNCATE 1
| #define HAVE_FUTIMES 1
| #define HAVE_GETTIMEOFDAY 1
| #define HAVE_NANOSLEEP 1
| #define HAVE_SLEEP 1
| #define HAVE_USLEEP 1
| #define PCE_ENABLE_SDL 1
| #define PCE_LARGE_FILE 1
| #define PCE_BUILD_ATARIST 1
| #define PCE_BUILD_IBMPC 1
| #define PCE_BUILD_MACPLUS 1
| #define PCE_BUILD_RC759 1
| #define PCE_BUILD_SIM405 1
| #define PCE_BUILD_SIM6502 1
| #define PCE_BUILD_SIMS32 1
| #define PCE_BUILD_SIMARM 1
| #define PCE_ENABLE_CHAR_POSIX 1
| #define PCE_ENABLE_CHAR_PTY 1
| #define PCE_ENABLE_CHAR_TCP 1
| #define PCE_ENABLE_CHAR_TIOS 1
| #define PCE_ENABLE_SOUND_OSS 1
| /* end confdefs.h.  */
| 
| /* Override any GCC internal prototype to avoid an error.
|    Use char because int might match the return type of a GCC
|    builtin and then its argument prototype would still apply.  */
| #ifdef __cplusplus
| extern "C"
| #endif
| char initscr ();
| int
| main ()
| {
| return initscr ();
|   ;
|   return 0;
| }
configure:5478: result: no
configure:5574: checking whether to enable readline
configure:5584: result: no (guess)
configure:5899: creating ./config.status

## ---------------------- ##
## Running config.status. ##
## ---------------------- ##

This file was extended by config.status, which was
generated by GNU Autoconf 2.69.  Invocation command line was

  CONFIG_FILES    = 
  CONFIG_HEADERS  = 
  CONFIG_LINKS    = 
  CONFIG_COMMANDS = 
  $ ./config.status 

on WIN-M3O7UCP92QD

config.status:909: creating Makefile
config.status:909: creating Makefile.inc
config.status:909: creating src/config.inc
config.status:909: creating src/config.h

## ---------------- ##
## Cache variables. ##
## ---------------- ##

ac_cv_build=i686-pc-cygwin
ac_cv_c_compiler_gnu=yes
ac_cv_env_CC_set=
ac_cv_env_CC_value=
ac_cv_env_CFLAGS_set=
ac_cv_env_CFLAGS_value=
ac_cv_env_CPPFLAGS_set=
ac_cv_env_CPPFLAGS_value=
ac_cv_env_CPP_set=
ac_cv_env_CPP_value=
ac_cv_env_LDFLAGS_set=
ac_cv_env_LDFLAGS_value=
ac_cv_env_LIBS_set=
ac_cv_env_LIBS_value=
ac_cv_env_XMKMF_set=
ac_cv_env_XMKMF_value=
ac_cv_env_build_alias_set=
ac_cv_env_build_alias_value=
ac_cv_env_host_alias_set=
ac_cv_env_host_alias_value=
ac_cv_env_target_alias_set=
ac_cv_env_target_alias_value=
ac_cv_exeext=.exe
ac_cv_func_ftruncate=yes
ac_cv_func_futimes=yes
ac_cv_func_gettimeofday=yes
ac_cv_func_nanosleep=yes
ac_cv_func_sleep=yes
ac_cv_func_usleep=yes
ac_cv_have_x=have_x=no
ac_cv_header_arpa_inet_h=yes
ac_cv_header_fcntl_h=yes
ac_cv_header_inttypes_h=yes
ac_cv_header_limits_h=yes
ac_cv_header_linux_if_tun_h=no
ac_cv_header_linux_tcp_h=no
ac_cv_header_memory_h=yes
ac_cv_header_netdb_h=yes
ac_cv_header_netinet_in_h=yes
ac_cv_header_poll_h=yes
ac_cv_header_stdc=yes
ac_cv_header_stdint_h=yes
ac_cv_header_stdlib_h=yes
ac_cv_header_string_h=yes
ac_cv_header_strings_h=yes
ac_cv_header_sys_ioctl_h=yes
ac_cv_header_sys_poll_h=yes
ac_cv_header_sys_socket_h=yes
ac_cv_header_sys_soundcard_h=yes
ac_cv_header_sys_stat_h=yes
ac_cv_header_sys_time_h=yes
ac_cv_header_sys_types_h=yes
ac_cv_header_termios_h=yes
ac_cv_header_unistd_h=yes
ac_cv_host=i686-pc-cygwin
ac_cv_lib_ncurses_initscr=no
ac_cv_objext=o
ac_cv_path_AR=/usr/bin/ar
ac_cv_path_EGREP='/usr/bin/grep -E'
ac_cv_path_GREP=/usr/bin/grep
ac_cv_path_install='/usr/bin/install -c'
ac_cv_prog_CPP='gcc -E'
ac_cv_prog_ac_ct_CC=gcc
ac_cv_prog_ac_ct_RANLIB=ranlib
ac_cv_prog_cc_c89=
ac_cv_prog_cc_g=yes
ac_cv_prog_make_make_set=yes
ac_cv_search_accept='none required'
ac_cv_search_gethostbyname='none required'
ac_cv_search_inet_aton='none required'
ac_cv_search_socket='none required'
ac_cv_sys_largefile_source=no

## ----------------- ##
## Output variables. ##
## ----------------- ##

AR='/usr/bin/ar'
CC='gcc'
CFLAGS='-g -O2'
CPP='gcc -E'
CPPFLAGS=''
DEFS='-DHAVE_CONFIG_H'
ECHO_C=''
ECHO_N='-n'
ECHO_T=''
EGREP='/usr/bin/grep -E'
EXEEXT='.exe'
GREP='/usr/bin/grep'
IHEX=''
INSTALL_DATA='${INSTALL} -m 644'
INSTALL_PROGRAM='${INSTALL}'
INSTALL_SCRIPT='${INSTALL}'
LDFLAGS=''
LIBOBJS=''
LIBS=''
LN_S='ln -s'
LTLIBOBJS=''
NASM=''
OBJEXT='o'
PACKAGE_BUGREPORT=''
PACKAGE_NAME=''
PACKAGE_STRING=''
PACKAGE_TARNAME=''
PACKAGE_URL=''
PACKAGE_VERSION=''
PATH_SEPARATOR=':'
PCE_BUILD_ATARIST='1'
PCE_BUILD_IBMPC='1'
PCE_BUILD_IBMPC_ROM='0'
PCE_BUILD_MACPLUS='1'
PCE_BUILD_MACPLUS_ROM='0'
PCE_BUILD_RC759='1'
PCE_BUILD_SIM405='1'
PCE_BUILD_SIM6502='1'
PCE_BUILD_SIMARM='1'
PCE_BUILD_SIMS32='1'
PCE_DIR_DATA='NONE/share'
PCE_DIR_ETC='NONE/etc'
PCE_ENABLE_CHAR_POSIX='1'
PCE_ENABLE_CHAR_PPP='0'
PCE_ENABLE_CHAR_PTY='1'
PCE_ENABLE_CHAR_SLIP='0'
PCE_ENABLE_CHAR_TCP='1'
PCE_ENABLE_CHAR_TIOS='1'
PCE_ENABLE_CHAR_WINCOM='0'
PCE_ENABLE_READLINE='0'
PCE_ENABLE_SDL='1'
PCE_ENABLE_SOUND_OSS='1'
PCE_ENABLE_TUN='0'
PCE_ENABLE_X11='0'
PCE_HAVE_IHEX='0'
PCE_HAVE_INTTYPES_H='1'
PCE_HAVE_NASM='0'
PCE_HAVE_STDINT_H='1'
PCE_HOST_IA32='1'
PCE_HOST_LINUX='0'
PCE_HOST_NETBSD='0'
PCE_HOST_PPC='0'
PCE_HOST_SPARC='0'
PCE_HOST_SUNOS='0'
PCE_HOST_WINDOWS='0'
PCE_LARGE_FILE='1'
PCE_READLINE_LIBS=''
PCE_SDL_CFLAGS=''
PCE_SDL_LIBS=''
PCE_VERSION_MAJ='0'
PCE_VERSION_MIC='2'
PCE_VERSION_MIN='2'
PCE_VERSION_STR='20150328-cee13b0-pfi'
PCE_X11_CFLAGS=''
PCE_X11_LIBS=''
RANLIB='ranlib'
SET_MAKE=''
SHELL='/bin/sh'
XMKMF=''
ac_ct_CC='gcc'
bindir='${exec_prefix}/bin'
build='i686-pc-cygwin'
build_alias=''
build_cpu='i686'
build_os='cygwin'
build_vendor='pc'
datadir='${datarootdir}'
datarootdir='${prefix}/share'
docdir='${datarootdir}/doc/${PACKAGE}'
dvidir='${docdir}'
exec_prefix='${prefix}'
host='i686-pc-cygwin'
host_alias=''
host_cpu='i686'
host_os='cygwin'
host_vendor='pc'
htmldir='${docdir}'
includedir='${prefix}/include'
infodir='${datarootdir}/info'
libdir='${exec_prefix}/lib'
libexecdir='${exec_prefix}/libexec'
localedir='${datarootdir}/locale'
localstatedir='${prefix}/var'
mandir='${datarootdir}/man'
oldincludedir='/usr/include'
pdfdir='${docdir}'
prefix='/usr/local'
program_transform_name='s,x,x,'
psdir='${docdir}'
sbindir='${exec_prefix}/sbin'
sharedstatedir='${prefix}/com'
sysconfdir='${prefix}/etc'
target_alias=''

## ----------- ##
## confdefs.h. ##
## ----------- ##

/* confdefs.h */
#define PACKAGE_NAME ""
#define PACKAGE_TARNAME ""
#define PACKAGE_VERSION ""
#define PACKAGE_STRING ""
#define PACKAGE_BUGREPORT ""
#define PACKAGE_URL ""
#define PCE_VERSION_MAJ 0
#define PCE_VERSION_MIN 2
#define PCE_VERSION_MIC 2
#define PCE_VERSION_STR "20150328-cee13b0-pfi"
#define PCE_HOST_IA32 1
#define STDC_HEADERS 1
#define HAVE_SYS_TYPES_H 1
#define HAVE_SYS_STAT_H 1
#define HAVE_STDLIB_H 1
#define HAVE_STRING_H 1
#define HAVE_MEMORY_H 1
#define HAVE_STRINGS_H 1
#define HAVE_INTTYPES_H 1
#define HAVE_STDINT_H 1
#define HAVE_UNISTD_H 1
#define HAVE_ARPA_INET_H 1
#define HAVE_FCNTL_H 1
#define HAVE_LIMITS_H 1
#define HAVE_NETDB_H 1
#define HAVE_NETINET_IN_H 1
#define HAVE_POLL_H 1
#define HAVE_SYS_IOCTL_H 1
#define HAVE_SYS_POLL_H 1
#define HAVE_SYS_SOCKET_H 1
#define HAVE_SYS_SOUNDCARD_H 1
#define HAVE_SYS_STAT_H 1
#define HAVE_SYS_TIME_H 1
#define HAVE_SYS_TYPES_H 1
#define HAVE_TERMIOS_H 1
#define HAVE_UNISTD_H 1
#define HAVE_STDINT_H 1
#define HAVE_INTTYPES_H 1
#define HAVE_FSEEKO 1
#define HAVE_FTRUNCATE 1
#define HAVE_FUTIMES 1
#define HAVE_GETTIMEOFDAY 1
#define HAVE_NANOSLEEP 1
#define HAVE_SLEEP 1
#define HAVE_USLEEP 1
#define PCE_ENABLE_SDL 1
#define PCE_LARGE_FILE 1
#define PCE_BUILD_ATARIST 1
#define PCE_BUILD_IBMPC 1
#define PCE_BUILD_MACPLUS 1
#define PCE_BUILD_RC759 1
#define PCE_BUILD_SIM405 1
#define PCE_BUILD_SIM6502 1
#define PCE_BUILD_SIMS32 1
#define PCE_BUILD_SIMARM 1
#define PCE_ENABLE_CHAR_POSIX 1
#define PCE_ENABLE_CHAR_PTY 1
#define PCE_ENABLE_CHAR_TCP 1
#define PCE_ENABLE_CHAR_TIOS 1
#define PCE_ENABLE_SOUND_OSS 1
#define PCE_DIR_ETC "NONE/etc"
#define PCE_DIR_DATA "NONE/share"

configure: exit 0
